INFO  | 2020-02-26 07:33:18 | [main] pruebas.Main (Main.java:48) - Value for key config.start.message : Config Start message 兒童天地.
INFO  | 2020-02-26 07:33:18 | [main] pruebas.Main (Main.java:48) - Value for key msg.start.message : Msg Start message.
INFO  | 2020-02-26 07:35:15 | [main] pruebas.Main (Main.java:48) - Value for key config.start.message : Config Start message 兒童天地.
INFO  | 2020-02-26 07:35:15 | [main] pruebas.Main (Main.java:48) - Value for key msg.start.message : Msg Start message.
INFO  | 2020-02-26 07:35:45 | [main] pruebas.Main (Main.java:48) - Value for key config.start.message : Config Start message åç«¥å¤©å°.
INFO  | 2020-02-26 07:35:45 | [main] pruebas.Main (Main.java:48) - Value for key msg.start.message : Msg Start message.
INFO  | 2020-02-26 07:36:03 | [main] pruebas.Main (Main.java:48) - Value for key config.start.message : Config Start message åç«¥å¤©å°.
INFO  | 2020-02-26 07:36:03 | [main] pruebas.Main (Main.java:48) - Value for key msg.start.message : Msg Start message.
INFO  | 2020-02-26 07:36:11 | [main] pruebas.Main (Main.java:48) - Value for key config.start.message : Config Start message åç«¥å¤©å°.
INFO  | 2020-02-26 07:36:11 | [main] pruebas.Main (Main.java:48) - Value for key msg.start.message : Msg Start message.
INFO  | 2020-02-26 07:36:42 | [main] pruebas.Main (Main.java:48) - Value for key config.start.message : Config Start message .
INFO  | 2020-02-26 07:36:42 | [main] pruebas.Main (Main.java:48) - Value for key msg.start.message : Msg Start message.
INFO  | 2020-02-26 07:36:56 | [main] pruebas.Main (Main.java:48) - Value for key config.start.message : Config Start message .
INFO  | 2020-02-26 07:36:56 | [main] pruebas.Main (Main.java:48) - Value for key msg.start.message : Msg Start message.
INFO  | 2020-02-26 07:36:58 | [main] pruebas.Main (Main.java:48) - Value for key config.start.message : Config Start message .
INFO  | 2020-02-26 07:36:58 | [main] pruebas.Main (Main.java:48) - Value for key msg.start.message : Msg Start message.
INFO  | 2020-02-26 07:37:11 | [main] pruebas.Main (Main.java:48) - Value for key config.start.message : Config Start message åç«¥å¤©å°.
INFO  | 2020-02-26 07:37:11 | [main] pruebas.Main (Main.java:48) - Value for key msg.start.message : Msg Start message.
INFO  | 2020-02-26 07:37:47 | [main] pruebas.Main (Main.java:48) - Value for key config.start.message : Config Start message.
INFO  | 2020-02-26 07:37:47 | [main] pruebas.Main (Main.java:48) - Value for key msg.start.message : Msg Start message.
INFO  | 2020-02-26 07:38:09 | [main] pruebas.Main (Main.java:48) - Value for key config.start.message : Config Start message åç«¥å¤©å°.
INFO  | 2020-02-26 07:38:09 | [main] pruebas.Main (Main.java:48) - Value for key msg.start.message : Msg Start message.
INFO  | 2020-02-26 07:40:14 | [main] pruebas.Main (Main.java:48) - Value for key config.start.message : Config Start message åç«¥å¤©å°.
INFO  | 2020-02-26 07:40:14 | [main] pruebas.Main (Main.java:48) - Value for key msg.start.message : Msg Start message.
INFO  | 2020-02-26 07:40:48 | [main] pruebas.Main (Main.java:48) - Value for key config.start.message : Config Start message åç«¥å¤©å°.
INFO  | 2020-02-26 07:40:48 | [main] pruebas.Main (Main.java:48) - Value for key msg.start.message : Msg Start message.
INFO  | 2020-02-26 07:40:53 | [main] pruebas.Main (Main.java:48) - Value for key config.start.message : Config Start message åç«¥å¤©å°.
INFO  | 2020-02-26 07:40:53 | [main] pruebas.Main (Main.java:48) - Value for key msg.start.message : Msg Start message.
INFO  | 2020-02-26 07:41:04 | [main] pruebas.Main (Main.java:48) - Value for key config.start.message : Config Start message åç«¥å¤©å° å¨å­©å­éééæ²äºè§£.
INFO  | 2020-02-26 07:41:04 | [main] pruebas.Main (Main.java:48) - Value for key msg.start.message : Msg Start message.
INFO  | 2020-02-26 07:42:41 | [main] pruebas.Main (Main.java:50) - Value for key config.start.message : Config Start message 兒童天地 在孩子透過遊戲了解.
INFO  | 2020-02-26 07:42:41 | [main] pruebas.Main (Main.java:50) - Value for key msg.start.message : Msg Start message.
